0 verbose cli C:\Program Files\nodejs\node.exe C:\Program Files\nodejs\node_modules\npm\bin\npm-cli.js
1 info using npm@10.9.3
2 info using node@v22.20.0
3 silly config load:file:C:\Program Files\nodejs\node_modules\npm\npmrc
4 silly config load:file:C:\Users\Asus\java_projects\Test\campusswap-web-management\.npmrc
5 silly config load:file:C:\Users\Asus\.npmrc
6 silly config load:file:D:\nodejs\node_global\etc\npmrc
7 verbose title npm create vite@latest frontend --template vue-ts
8 verbose argv "create" "vite@latest" "frontend" "--" "--template" "vue-ts"
9 verbose logfile logs-max:10 dir:C:\Users\Asus\java_projects\Test\campusswap-web-management\.npm-cache\_logs\2025-12-16T02_29_32_576Z-
10 verbose logfile C:\Users\Asus\java_projects\Test\campusswap-web-management\.npm-cache\_logs\2025-12-16T02_29_32_576Z-debug-0.log
11 silly logfile done cleaning log files
12 silly packumentCache heap:4345298944 maxSize:1086324736 maxEntrySize:543162368
13 http fetch GET 200 https://registry.npmjs.org/create-vite 781ms (cache revalidated)
14 silly packumentCache heap:4345298944 maxSize:1086324736 maxEntrySize:543162368
15 verbose cwd C:\Users\Asus\java_projects\Test\campusswap-web-management
16 verbose os Windows_NT 10.0.26100
17 verbose node v22.20.0
18 verbose npm  v10.9.3
19 verbose exit 0
20 info ok
